Jun 11 17:24:41 localhost kernel: PINFO START
Jun 11 17:24:41 localhost kernel: 	pid: 3575
Jun 11 17:24:41 localhost kernel: 	state: 0
Jun 11 17:24:41 localhost kernel: 	nice: -2
Jun 11 17:24:41 localhost kernel: 	parent_pid: 3574
Jun 11 17:24:41 localhost kernel: 	nr_children: 0
Jun 11 17:24:41 localhost kernel: 	nr_threads: 1
Jun 11 17:24:41 localhost kernel: 	youngest_child_pid: -1
Jun 11 17:24:41 localhost kernel: 	younger_sibling_pid: -1
Jun 11 17:24:41 localhost kernel: 	older_sibling_pid: -1
Jun 11 17:24:41 localhost kernel: 	start_time: 84929557
Jun 11 17:24:41 localhost kernel: 	user_time: 0
Jun 11 17:24:41 localhost kernel: 	sys_time: 0
Jun 11 17:24:41 localhost kernel: 	cutime: -1
Jun 11 17:24:41 localhost kernel: 	cstime: -1
Jun 11 17:24:41 localhost kernel: 	uid: 0
Jun 11 17:24:41 localhost kernel: 	comm: test_pinfo
Jun 11 17:24:41 localhost kernel: PINFO END
Jun 11 17:24:41 localhost kernel: PINFO START
Jun 11 17:24:41 localhost kernel: 	pid: 3576
Jun 11 17:24:41 localhost kernel: 	state: 0
Jun 11 17:24:41 localhost kernel: 	nice: -2
Jun 11 17:24:41 localhost kernel: 	parent_pid: 3574
Jun 11 17:24:41 localhost kernel: 	nr_children: 0
Jun 11 17:24:41 localhost kernel: 	nr_threads: 1
Jun 11 17:24:41 localhost kernel: 	youngest_child_pid: -1
Jun 11 17:24:41 localhost kernel: 	younger_sibling_pid: -1
Jun 11 17:24:41 localhost kernel: 	older_sibling_pid: 3575
Jun 11 17:24:41 localhost kernel: 	start_time: 85840557
Jun 11 17:24:41 localhost kernel: 	user_time: 1
Jun 11 17:24:41 localhost kernel: 	sys_time: 2
Jun 11 17:24:41 localhost kernel: 	cutime: -1
Jun 11 17:24:41 localhost kernel: 	cstime: -1
Jun 11 17:24:41 localhost kernel: 	uid: 0
Jun 11 17:24:41 localhost kernel: 	comm: test_pinfo
Jun 11 17:24:41 localhost kernel: PINFO END
Jun 11 17:24:41 localhost kernel: PINFO START
Jun 11 17:24:41 localhost kernel: 	pid: 3577
Jun 11 17:24:41 localhost kernel: 	state: 0
Jun 11 17:24:41 localhost kernel: 	nice: -2
Jun 11 17:24:41 localhost kernel: 	parent_pid: 3574
Jun 11 17:24:41 localhost kernel: 	nr_children: 0
Jun 11 17:24:41 localhost kernel: 	nr_threads: 1
Jun 11 17:24:41 localhost kernel: 	youngest_child_pid: -1
Jun 11 17:24:41 localhost kernel: 	younger_sibling_pid: -1
Jun 11 17:24:41 localhost kernel: 	older_sibling_pid: 3576
Jun 11 17:24:41 localhost kernel: 	start_time: 86252557
Jun 11 17:24:41 localhost kernel: 	user_time: 0
Jun 11 17:24:41 localhost kernel: 	sys_time: 0
Jun 11 17:24:41 localhost kernel: 	cutime: -1
Jun 11 17:24:41 localhost kernel: 	cstime: -1
Jun 11 17:24:41 localhost kernel: 	uid: 0
Jun 11 17:24:41 localhost kernel: 	comm: test_pinfo
Jun 11 17:24:41 localhost kernel: PINFO END
Jun 11 17:24:41 localhost kernel: PINFO START
Jun 11 17:24:41 localhost kernel: 	pid: 3574
Jun 11 17:24:41 localhost kernel: 	state: 0
Jun 11 17:24:41 localhost kernel: 	nice: 0
Jun 11 17:24:41 localhost kernel: 	parent_pid: 3173
Jun 11 17:24:41 localhost kernel: 	nr_children: 3
Jun 11 17:24:41 localhost kernel: 	nr_threads: 1
Jun 11 17:24:41 localhost kernel: 	youngest_child_pid: 3577
Jun 11 17:24:41 localhost kernel: 	younger_sibling_pid: -1
Jun 11 17:24:41 localhost kernel: 	older_sibling_pid: -1
Jun 11 17:24:41 localhost kernel: 	start_time: 83778557
Jun 11 17:24:41 localhost kernel: 	user_time: 1
Jun 11 17:24:41 localhost kernel: 	sys_time: 2
Jun 11 17:24:41 localhost kernel: 	cutime: 3
Jun 11 17:24:41 localhost kernel: 	cstime: 2
Jun 11 17:24:41 localhost kernel: 	uid: 0
Jun 11 17:24:41 localhost kernel: 	comm: test_pinfo
Jun 11 17:24:41 localhost kernel: PINFO END
Jun 11 17:24:46 localhost kernel: PINFO START
Jun 11 17:24:46 localhost kernel: 	pid: 3574
Jun 11 17:24:46 localhost kernel: 	state: 0
Jun 11 17:24:46 localhost kernel: 	nice: -2
Jun 11 17:24:46 localhost kernel: 	parent_pid: 3173
Jun 11 17:24:46 localhost kernel: 	nr_children: 2
Jun 11 17:24:46 localhost kernel: 	nr_threads: 1
Jun 11 17:24:46 localhost kernel: 	youngest_child_pid: 3577
Jun 11 17:24:46 localhost kernel: 	younger_sibling_pid: -1
Jun 11 17:24:46 localhost kernel: 	older_sibling_pid: -1
Jun 11 17:24:46 localhost kernel: 	start_time: 83778557
Jun 11 17:24:46 localhost kernel: 	user_time: 1
Jun 11 17:24:46 localhost kernel: 	sys_time: 2
Jun 11 17:24:46 localhost kernel: 	cutime: 1
Jun 11 17:24:46 localhost kernel: 	cstime: 0
Jun 11 17:24:46 localhost kernel: 	uid: 0
Jun 11 17:24:46 localhost kernel: 	comm: test_pinfo
Jun 11 17:24:46 localhost kernel: PINFO END
Jun 11 17:24:46 localhost kernel: PINFO START
Jun 11 17:24:46 localhost kernel: 	pid: 3574
Jun 11 17:24:46 localhost kernel: 	state: 0
Jun 11 17:24:46 localhost kernel: 	nice: -2
Jun 11 17:24:46 localhost kernel: 	parent_pid: 3173
Jun 11 17:24:46 localhost kernel: 	nr_children: 1
Jun 11 17:24:46 localhost kernel: 	nr_threads: 1
Jun 11 17:24:46 localhost kernel: 	youngest_child_pid: 3577
Jun 11 17:24:46 localhost kernel: 	younger_sibling_pid: -1
Jun 11 17:24:46 localhost kernel: 	older_sibling_pid: -1
Jun 11 17:24:46 localhost kernel: 	start_time: 83778557
Jun 11 17:24:46 localhost kernel: 	user_time: 1
Jun 11 17:24:46 localhost kernel: 	sys_time: 4
Jun 11 17:24:46 localhost kernel: 	cutime: 1
Jun 11 17:24:46 localhost kernel: 	cstime: 1
Jun 11 17:24:46 localhost kernel: 	uid: 0
Jun 11 17:24:46 localhost kernel: 	comm: test_pinfo
Jun 11 17:24:46 localhost kernel: PINFO END
Jun 11 17:24:46 localhost kernel: PINFO START
Jun 11 17:24:46 localhost kernel: 	pid: 3574
Jun 11 17:24:46 localhost kernel: 	state: 0
Jun 11 17:24:46 localhost kernel: 	nice: -2
Jun 11 17:24:46 localhost kernel: 	parent_pid: 3173
Jun 11 17:24:46 localhost kernel: 	nr_children: 0
Jun 11 17:24:46 localhost kernel: 	nr_threads: 5
Jun 11 17:24:46 localhost kernel: 	youngest_child_pid: -1
Jun 11 17:24:46 localhost kernel: 	younger_sibling_pid: 3581
Jun 11 17:24:46 localhost kernel: 	older_sibling_pid: -1
Jun 11 17:24:46 localhost kernel: 	start_time: 83778557
Jun 11 17:24:46 localhost kernel: 	user_time: 1
Jun 11 17:24:46 localhost kernel: 	sys_time: 5
Jun 11 17:24:46 localhost kernel: 	cutime: -1
Jun 11 17:24:46 localhost kernel: 	cstime: -1
Jun 11 17:24:46 localhost kernel: 	uid: 0
Jun 11 17:24:46 localhost kernel: 	comm: test_pinfo
Jun 11 17:24:46 localhost kernel: PINFO END
